<?xml version="1.0" encoding="UTF-8"?>
<!-- Generated by org.testng.reporters.JUnitReportReporter -->
<testsuite hostname="IN-OLX-PF2SH88V" failures="0" tests="1" name="TestCases.LoginPageTestCaseOrangeHrm" time="4.576" errors="0" timestamp="2024-07-10T20:56:28 IST" skipped="0">
  <testcase classname="TestCases.LoginPageTestCaseOrangeHrm" name="LoginTest" time="4.576"/>
</testsuite> <!-- TestCases.LoginPageTestCaseOrangeHrm -->
