<?xml version="1.0" encoding="UTF-8"?>
<!-- Generated by org.testng.reporters.JUnitReportReporter -->
<testsuite hostname="IN-OLX-PF2SH88V" failures="0" tests="3" name="TestCases.AccountRegister" time="7.375" errors="0" timestamp="2024-07-10T11:34:06 IST" skipped="0">
  <testcase classname="TestCases.AccountRegister" name="Register" time="1.750"/>
  <testcase classname="TestCases.AccountRegister" name="Register" time="3.165"/>
  <testcase classname="TestCases.AccountRegister" name="Register" time="2.460"/>
</testsuite> <!-- TestCases.AccountRegister -->
